###############################################################################
#                                                                             #
# IAR C/C++ Compiler V8.10.3.40338/W32 for 8051         06/Mar/2017  11:33:19 #
# Copyright 2004-2011 IAR Systems AB.                                         #
#                                                                             #
#    Core               =  plain                                              #
#    Code model         =  banked                                             #
#    Data model         =  large                                              #
#    Calling convention =  xdata reentrant                                    #
#    Constant location  =  data_rom                                           #
#    Dptr setup         =  1,16                                               #
#    Source file        =  E:\ZIGBEE\串口透传 - 副本\Projects\zstack\Samples\ #
#                          SampleApp\Source\SampleApp.c                       #
#    Command line       =  -f "E:\ZIGBEE\串口透传 -                           #
#                          副本\Projects\zstack\Samples\SampleApp\CC2530DB\.. #
#                          \..\..\Tools\CC2530DB\f8wCoord.cfg" (-DCPU32MHZ    #
#                          -DROOT=__near_func -DMAC_CFG_APP_PENDING_QUEUE=TRU #
#                          E -DMAC_CFG_TX_DATA_MAX=5 -DMAC_CFG_TX_MAX=8       #
#                          -DMAC_CFG_RX_MAX=5 -DZDO_COORDINATOR -DRTR_NWK)    #
#                          -f "E:\ZIGBEE\串口透传 -                           #
#                          副本\Projects\zstack\Samples\SampleApp\CC2530DB\.. #
#                          \..\..\Tools\CC2530DB\f8wConfig.cfg" (-DZIGBEEPRO  #
#                          -DSECURE=0 -DZG_SECURE_DYNAMIC=0 -DREFLECTOR       #
#                          -DDEFAULT_CHANLIST=0x00000800                      #
#                          -DZDAPP_CONFIG_PAN_ID=0xFF00                       #
#                          -DNWK_START_DELAY=100 -DEXTENDED_JOINING_RANDOM_MA #
#                          SK=0x007F -DBEACON_REQUEST_DELAY=100               #
#                          -DBEACON_REQ_DELAY_MASK=0x00FF                     #
#                          -DLINK_STATUS_JITTER_MASK=0x007F                   #
#                          -DROUTE_EXPIRY_TIME=30 -DAPSC_ACK_WAIT_DURATION_PO #
#                          LLED=3000 -DNWK_INDIRECT_MSG_TIMEOUT=7             #
#                          -DMAX_RREQ_ENTRIES=8 -DAPSC_MAX_FRAME_RETRIES=3    #
#                          -DNWK_MAX_DATA_RETRIES=2                           #
#                          -DMAX_POLL_FAILURE_RETRIES=2 -DMAX_BCAST=9         #
#                          -DAPS_MAX_GROUPS=16 -DMAX_RTG_ENTRIES=40           #
#                          -DNWK_MAX_BINDING_ENTRIES=4                        #
#                          -DMAX_BINDING_CLUSTER_IDS=4 "-DDEFAULT_KEY={0x01,  #
#                          0x03, 0x05, 0x07, 0x09, 0x0B, 0x0D, 0x0F, 0x00,    #
#                          0x02, 0x04, 0x06, 0x08, 0x0A, 0x0C, 0x0D}"         #
#                          -DMAC_MAX_FRAME_SIZE=116                           #
#                          -DZDNWKMGR_MIN_TRANSMISSIONS=20 "-DCONST=const     #
#                          __code" -DGENERIC=__generic                        #
#                          -DRFD_RCVC_ALWAYS_ON=FALSE -DPOLL_RATE=1000        #
#                          -DQUEUED_POLL_RATE=100 -DRESPONSE_POLL_RATE=100)   #
#                          -DREJOIN_POLL_RATE=440 "E:\ZIGBEE\串口透传 -       #
#                          副本\Projects\zstack\Samples\SampleApp\Source\Samp #
#                          leApp.c" -D BUILD_ALL_DEVICES -D HOLD_AUTO_START   #
#                          -D LCD_SUPPORTED -D HAL_UART=FALSE -lC             #
#                          "E:\ZIGBEE\串口透传 - 副本\Projects\zstack\Samples #
#                          \SampleApp\CC2530DB\DemoEB\List\" -lA              #
#                          "E:\ZIGBEE\串口透传 - 副本\Projects\zstack\Samples #
#                          \SampleApp\CC2530DB\DemoEB\List\" --diag_suppress  #
#                          Pe001,Pa010 -o "E:\ZIGBEE\串口透传 -               #
#                          副本\Projects\zstack\Samples\SampleApp\CC2530DB\De #
#                          moEB\Obj\" -e --no_code_motion --debug             #
#                          --core=plain --dptr=16,1 --data_model=large        #
#                          --code_model=banked --calling_convention=xdata_ree #
#                          ntrant --place_constants=data_rom                  #
#                          --nr_virtual_regs 16 -I "E:\ZIGBEE\串口透传 -      #
#                          副本\Projects\zstack\Samples\SampleApp\CC2530DB\"  #
#                          -I "E:\ZIGBEE\串口透传 -                           #
#                          副本\Projects\zstack\Samples\SampleApp\CC2530DB\.. #
#                          \Source\" -I "E:\ZIGBEE\串口透传 -                 #
#                          副本\Projects\zstack\Samples\SampleApp\CC2530DB\.. #
#                          \..\..\ZMain\TI2530DB\" -I "E:\ZIGBEE\串口透传 -   #
#                          副本\Projects\zstack\Samples\SampleApp\CC2530DB\.. #
#                          \..\..\..\..\Components\hal\include\" -I           #
#                          "E:\ZIGBEE\串口透传 - 副本\Projects\zstack\Samples #
#                          \SampleApp\CC2530DB\..\..\..\..\..\Components\hal\ #
#                          target\CC2530EB\" -I "E:\ZIGBEE\串口透传 -         #
#                          副本\Projects\zstack\Samples\SampleApp\CC2530DB\.. #
#                          \..\..\..\..\Components\mac\include\" -I           #
#                          "E:\ZIGBEE\串口透传 - 副本\Projects\zstack\Samples #
#                          \SampleApp\CC2530DB\..\..\..\..\..\Components\mac\ #
#                          high_level\" -I "E:\ZIGBEE\串口透传 -              #
#                          副本\Projects\zstack\Samples\SampleApp\CC2530DB\.. #
#                          \..\..\..\..\Components\mac\low_level\srf04\" -I   #
#                          "E:\ZIGBEE\串口透传 - 副本\Projects\zstack\Samples #
#                          \SampleApp\CC2530DB\..\..\..\..\..\Components\mac\ #
#                          low_level\srf04\single_chip\" -I                   #
#                          "E:\ZIGBEE\串口透传 - 副本\Projects\zstack\Samples #
#                          \SampleApp\CC2530DB\..\..\..\..\..\Components\mt\" #
#                           -I "E:\ZIGBEE\串口透传 -                          #
#                          副本\Projects\zstack\Samples\SampleApp\CC2530DB\.. #
#                          \..\..\..\..\Components\osal\include\" -I          #
#                          "E:\ZIGBEE\串口透传 - 副本\Projects\zstack\Samples #
#                          \SampleApp\CC2530DB\..\..\..\..\..\Components\serv #
#                          ices\saddr\" -I "E:\ZIGBEE\串口透传 -              #
#                          副本\Projects\zstack\Samples\SampleApp\CC2530DB\.. #
#                          \..\..\..\..\Components\services\sdata\" -I        #
#                          "E:\ZIGBEE\串口透传 - 副本\Projects\zstack\Samples #
#                          \SampleApp\CC2530DB\..\..\..\..\..\Components\stac #
#                          k\af\" -I "E:\ZIGBEE\串口透传 -                    #
#                          副本\Projects\zstack\Samples\SampleApp\CC2530DB\.. #
#                          \..\..\..\..\Components\stack\nwk\" -I             #
#                          "E:\ZIGBEE\串口透传 - 副本\Projects\zstack\Samples #
#                          \SampleApp\CC2530DB\..\..\..\..\..\Components\stac #
#                          k\sapi\" -I "E:\ZIGBEE\串口透传 -                  #
#                          副本\Projects\zstack\Samples\SampleApp\CC2530DB\.. #
#                          \..\..\..\..\Components\stack\sec\" -I             #
#                          "E:\ZIGBEE\串口透传 - 副本\Projects\zstack\Samples #
#                          \SampleApp\CC2530DB\..\..\..\..\..\Components\stac #
#                          k\sys\" -I "E:\ZIGBEE\串口透传 -                   #
#                          副本\Projects\zstack\Samples\SampleApp\CC2530DB\.. #
#                          \..\..\..\..\Components\stack\zdo\" -I             #
#                          "E:\ZIGBEE\串口透传 - 副本\Projects\zstack\Samples #
#                          \SampleApp\CC2530DB\..\..\..\..\..\Components\zmac #
#                          \" -I "E:\ZIGBEE\串口透传 -                        #
#                          副本\Projects\zstack\Samples\SampleApp\CC2530DB\.. #
#                          \..\..\..\..\Components\zmac\f8w\" -Ohz            #
#                          --require_prototypes                               #
#    List file          =  E:\ZIGBEE\串口透传 - 副本\Projects\zstack\Samples\ #
#                          SampleApp\CC2530DB\DemoEB\List\SampleApp.lst       #
#    Object file        =  E:\ZIGBEE\串口透传 - 副本\Projects\zstack\Samples\ #
#                          SampleApp\CC2530DB\DemoEB\Obj\SampleApp.r51        #
#                                                                             #
#                                                                             #
###############################################################################

E:\ZIGBEE\串口透传 - 副本\Projects\zstack\Samples\SampleApp\Source\SampleApp.c
      1          /**************************************************************************************************
      2            Filename:       SampleApp.c
      3            Revised:        $Date: 2009-03-18 15:56:27 -0700 (Wed, 18 Mar 2009) $
      4            Revision:       $Revision: 19453 $
      5          
      6            Description:    Sample Application (no Profile).
      7          
      8          
      9            Copyright 2007 Texas Instruments Incorporated. All rights reserved.
     10          
     11            IMPORTANT: Your use of this Software is limited to those specific rights
     12            granted under the terms of a software license agreement between the user
     13            who downloaded the software, his/her employer (which must be your employer)
     14            and Texas Instruments Incorporated (the "License").  You may not use this
     15            Software unless you agree to abide by the terms of the License. The License
     16            limits your use, and you acknowledge, that the Software may not be modified,
     17            copied or distributed unless embedded on a Texas Instruments microcontroller
     18            or used solely and exclusively in conjunction with a Texas Instruments radio
     19            frequency transceiver, which is integrated into your product.  Other than for
     20            the foregoing purpose, you may not use, reproduce, copy, prepare derivative
     21            works of, modify, distribute, perform, display or sell this Software and/or
     22            its documentation for any purpose.
     23          
     24            YOU FURTHER ACKNOWLEDGE AND AGREE THAT THE SOFTWARE AND DOCUMENTATION ARE
     25            PROVIDED AS IS?WITHOUT WARRANTY OF ANY KIND, EITHER EXPRESS OR IMPLIED,
     26            INCLUDING WITHOUT LIMITATION, ANY WARRANTY OF MERCHANTABILITY, TITLE,
     27            NON-INFRINGEMENT AND FITNESS FOR A PARTICULAR PURPOSE. IN NO EVENT SHALL
     28            TEXAS INSTRUMENTS OR ITS LICENSORS BE LIABLE OR OBLIGATED UNDER CONTRACT,
     29            NEGLIGENCE, STRICT LIABILITY, CONTRIBUTION, BREACH OF WARRANTY, OR OTHER
     30            LEGAL EQUITABLE THEORY ANY DIRECT OR INDIRECT DAMAGES OR EXPENSES
     31            INCLUDING BUT NOT LIMITED TO ANY INCIDENTAL, SPECIAL, INDIRECT, PUNITIVE
     32            OR CONSEQUENTIAL DAMAGES, LOST PROFITS OR LOST DATA, COST OF PROCUREMENT
     33            OF SUBSTITUTE GOODS, TECHNOLOGY, SERVICES, OR ANY CLAIMS BY THIRD PARTIES
     34            (INCLUDING BUT NOT LIMITED TO ANY DEFENSE THEREOF), OR OTHER SIMILAR COSTS.
     35          
     36            Should you have any questions regarding your right to use this Software,
     37            contact Texas Instruments Incorporated at www.TI.com.
     38          **************************************************************************************************/
     39          
     40          /*********************************************************************
     41            This application isn't intended to do anything useful, it is
     42            intended to be a simple example of an application's structure.
     43          
     44            This application sends it's messages either as broadcast or
     45            broadcast filtered group messages.  The other (more normal)
     46            message addressing is unicast.  Most of the other sample
     47            applications are written to support the unicast message model.
     48          
     49            Key control:
     50              SW1:  Sends a flash command to all devices in Group 1.
     51              SW2:  Adds/Removes (toggles) this device in and out
     52                    of Group 1.  This will enable and disable the
     53                    reception of the flash command.
     54          *********************************************************************/
     55          
     56          /*********************************************************************
     57           * INCLUDES
     58           */
     59          #include "OSAL.h"
     60          #include "ZGlobals.h"
     61          #include "AF.h"
     62          #include "aps_groups.h"
     63          #include "ZDApp.h"
     64          
     65          #include "SampleApp.h"
     66          #include "SampleAppHw.h"
     67          
     68          #include "OnBoard.h"
     69          
     70          /* HAL */
     71          #include "hal_lcd.h"
     72          #include "hal_led.h"
     73          #include "hal_key.h"
     74          
     75          #include  "MT_UART.h" //此处用于串口
     76          #include  "MT.h"
     77          
     78          /*********************************************************************
     79           * MACROS
     80           */
     81          
     82          /*********************************************************************
     83           * CONSTANTS
     84           */
     85          
     86          /*********************************************************************
     87           * TYPEDEFS
     88           */
     89          
     90          /*********************************************************************
     91           * GLOBAL VARIABLES
     92           */
     93          
     94          // This list should be filled with Application specific Cluster IDs.

   \                                 In  segment XDATA_ROM_C, align 1
     95          const cId_t SampleApp_ClusterList[SAMPLEAPP_MAX_CLUSTERS] =
   \                     SampleApp_ClusterList:
   \   000000   0100         DW 1
   \   000002   0200         DW 2
   \   000004   0000         DW 0
     96          {
     97            SAMPLEAPP_PERIODIC_CLUSTERID,
     98            SAMPLEAPP_FLASH_CLUSTERID
     99          };
    100          

   \                                 In  segment XDATA_ROM_C, align 1
    101          const SimpleDescriptionFormat_t SampleApp_SimpleDesc =
   \                     SampleApp_SimpleDesc:
   \   000000   14           DB 20
   \   000001   080F         DW 3848
   \   000003   0100         DW 1
   \   000005   00           DB 0
   \   000006   03           DB 3
   \   000007   ....         DW SampleApp_ClusterList
   \   000009   03           DB 3
   \   00000A   ....         DW SampleApp_ClusterList
    102          {
    103            SAMPLEAPP_ENDPOINT,              //  int Endpoint;
    104            SAMPLEAPP_PROFID,                //  uint16 AppProfId[2];
    105            SAMPLEAPP_DEVICEID,              //  uint16 AppDeviceId[2];
    106            SAMPLEAPP_DEVICE_VERSION,        //  int   AppDevVer:4;
    107            SAMPLEAPP_FLAGS,                 //  int   AppFlags:4;
    108            SAMPLEAPP_MAX_CLUSTERS,          //  uint8  AppNumInClusters;
    109            (cId_t *)SampleApp_ClusterList,  //  uint8 *pAppInClusterList;
    110            SAMPLEAPP_MAX_CLUSTERS,          //  uint8  AppNumInClusters;
    111            (cId_t *)SampleApp_ClusterList   //  uint8 *pAppInClusterList;
    112          };
    113          
    114          // This is the Endpoint/Interface description.  It is defined here, but
    115          // filled-in in SampleApp_Init().  Another way to go would be to fill
    116          // in the structure here and make it a "const" (in code space).  The
    117          // way it's defined in this sample app it is define in RAM.

   \                                 In  segment XDATA_Z, align 1, keep-with-next
    118          endPointDesc_t SampleApp_epDesc;
   \                     SampleApp_epDesc:
   \   000000                DS 6
   \   000006                REQUIRE __INIT_XDATA_Z
    119          
    120          /*********************************************************************
    121           * EXTERNAL VARIABLES
    122           */
    123          
    124          /*********************************************************************
    125           * EXTERNAL FUNCTIONS
    126           */
    127          
    128          /*********************************************************************
    129           * LOCAL VARIABLES
    130           */

   \                                 In  segment XDATA_Z, align 1, keep-with-next
    131          uint8 SampleApp_TaskID;   // Task ID for internal task/event processing
   \                     SampleApp_TaskID:
   \   000000                DS 1
   \   000001                REQUIRE __INIT_XDATA_Z
    132                                    // This variable will be received when
    133                                    // SampleApp_Init() is called.

   \                                 In  segment XDATA_Z, align 1, keep-with-next
    134          devStates_t SampleApp_NwkState;
   \                     SampleApp_NwkState:
   \   000000                DS 1
   \   000001                REQUIRE __INIT_XDATA_Z
    135          

   \                                 In  segment XDATA_Z, align 1, keep-with-next
    136          uint8 SampleApp_TransID;  // This is the unique message ID (counter)
   \                     SampleApp_TransID:
   \   000000                DS 1
   \   000001                REQUIRE __INIT_XDATA_Z
    137          

   \                                 In  segment XDATA_Z, align 1, keep-with-next
    138          afAddrType_t SampleApp_Periodic_DstAddr;
   \                     SampleApp_Periodic_DstAddr:
   \   000000                DS 12
   \   00000C                REQUIRE __INIT_XDATA_Z

   \                                 In  segment XDATA_Z, align 1, keep-with-next
    139          afAddrType_t SampleApp_Flash_DstAddr;
   \                     SampleApp_Flash_DstAddr:
   \   000000                DS 12
   \   00000C                REQUIRE __INIT_XDATA_Z
    140          

   \                                 In  segment XDATA_Z, align 1, keep-with-next
    141          aps_Group_t SampleApp_Group;
   \                     SampleApp_Group:
   \   000000                DS 18
   \   000012                REQUIRE __INIT_XDATA_Z
    142          

   \                                 In  segment XDATA_Z, align 1, keep-with-next
    143          uint8 SampleAppPeriodicCounter = 0;
   \                     SampleAppPeriodicCounter:
   \   000000                DS 1
   \   000001                REQUIRE __INIT_XDATA_Z

   \                                 In  segment XDATA_Z, align 1, keep-with-next
    144          uint8 SampleAppFlashCounter = 0;
   \                     SampleAppFlashCounter:
   \   000000                DS 1
   \   000001                REQUIRE __INIT_XDATA_Z
    145          
    146          /*********************************************************************
    147           * LOCAL FUNCTIONS
    148           */
    149          void SampleApp_HandleKeys( uint8 shift, uint8 keys );
    150          void SampleApp_MessageMSGCB( afIncomingMSGPacket_t *pckt );
    151          void SampleApp_SendPeriodicMessage( void );
    152          void SampleApp_SendFlashMessage( uint16 flashTime );
    153          void SampleApp_SerialCMD(mtOSALSerialData_t *cmdMsg);
    154          
    155          /*********************************************************************
    156           * NETWORK LAYER CALLBACKS
    157           */
    158          
    159          /*********************************************************************
    160           * PUBLIC FUNCTIONS
    161           */
    162          
    163          /*********************************************************************
    164           * @fn      SampleApp_Init
    165           *
    166           * @brief   Initialization function for the Generic App Task.
    167           *          This is called during initialization and should contain
    168           *          any application specific initialization (ie. hardware
    169           *          initialization/setup, table initialization, power up
    170           *          notificaiton ... ).
    171           *
    172           * @param   task_id - the ID assigned by OSAL.  This ID should be
    173           *                    used to send messages and set timers.
    174           *
    175           * @return  none
    176           */

   \                                 In  segment BANKED_CODE, align 1, keep-with-next
    177          void SampleApp_Init( uint8 task_id )
   \                     SampleApp_Init:
    178          {
   \   000000   74F5         MOV     A,#-0xb
   \   000002   12....       LCALL   ?BANKED_ENTER_XDATA
   \   000005                ; Saved register size: 11
   \   000005                ; Auto size: 0
   \   000005   E9           MOV     A,R1
   \   000006   FE           MOV     R6,A
    179            SampleApp_TaskID = task_id;
   \   000007   90....       MOV     DPTR,#SampleApp_TaskID
   \   00000A   F0           MOVX    @DPTR,A
    180            SampleApp_NwkState = DEV_INIT;
   \   00000B   90....       MOV     DPTR,#SampleApp_NwkState
   \   00000E   7401         MOV     A,#0x1
   \   000010   F0           MOVX    @DPTR,A
    181            SampleApp_TransID = 0;
   \   000011   90....       MOV     DPTR,#SampleApp_TransID
   \   000014   E4           CLR     A
   \   000015   F0           MOVX    @DPTR,A
    182            
    183            MT_UartInit();//串口初始化
   \   000016                ; Setup parameters for call to function MT_UartInit
   \   000016   12....       LCALL   ??MT_UartInit?relay
    184            MT_UartRegisterTaskID(task_id);//登记任务号
   \   000019                ; Setup parameters for call to function MT_UartRegisterTaskID
   \   000019   EE           MOV     A,R6
   \   00001A   F9           MOV     R1,A
   \   00001B   12....       LCALL   ??MT_UartRegisterTaskID?relay
    185            //HalUARTWrite(0,"Hello World\n",12); //（串口0，'字符'，字符个数。）
    186            
    187            // Device hardware initialization can be added here or in main() (Zmain.c).
    188            // If the hardware is application specific - add it here.
    189            // If the hardware is other parts of the device add it in main().
    190          
    191           #if defined ( BUILD_ALL_DEVICES )
    192            // The "Demo" target is setup to have BUILD_ALL_DEVICES and HOLD_AUTO_START
    193            // We are looking at a jumper (defined in SampleAppHw.c) to be jumpered
    194            // together - if they are - we will start up a coordinator. Otherwise,
    195            // the device will start as a router.
    196            if ( readCoordinatorJumper() )
   \   00001E                ; Setup parameters for call to function readCoordinatorJumper
   \   00001E   12....       LCALL   ??readCoordinatorJumper?relay
   \   000021   E9           MOV     A,R1
   \   000022   90....       MOV     DPTR,#zgDeviceLogicalType
   \   000025   6003         JZ      ??SampleApp_Init_0
    197              zgDeviceLogicalType = ZG_DEVICETYPE_COORDINATOR;
   \   000027   E4           CLR     A
   \   000028   8002         SJMP    ??SampleApp_Init_1
    198            else
    199              zgDeviceLogicalType = ZG_DEVICETYPE_ROUTER;
   \                     ??SampleApp_Init_0:
   \   00002A   7401         MOV     A,#0x1
   \                     ??SampleApp_Init_1:
   \   00002C   F0           MOVX    @DPTR,A
    200          #endif // BUILD_ALL_DEVICES
    201          
    202          #if defined ( HOLD_AUTO_START )
    203            // HOLD_AUTO_START is a compile option that will surpress ZDApp
    204            //  from starting the device and wait for the application to
    205            //  start the device.
    206            ZDOInitDevice(0);
   \   00002D                ; Setup parameters for call to function ZDOInitDevice
   \   00002D   7A00         MOV     R2,#0x0
   \   00002F   7B00         MOV     R3,#0x0
   \   000031   12....       LCALL   ??ZDOInitDevice?relay
    207          #endif
    208          
    209            // Setup for the periodic message's destination address
    210            // Broadcast to everyone
    211            SampleApp_Periodic_DstAddr.addrMode = (afAddrMode_t)AddrBroadcast;
   \   000034   90....       MOV     DPTR,#SampleApp_Periodic_DstAddr + 8
   \   000037   740F         MOV     A,#0xf
   \   000039   F0           MOVX    @DPTR,A
    212            SampleApp_Periodic_DstAddr.endPoint = SAMPLEAPP_ENDPOINT;
   \   00003A   A3           INC     DPTR
   \   00003B   7414         MOV     A,#0x14
   \   00003D   F0           MOVX    @DPTR,A
    213            SampleApp_Periodic_DstAddr.addr.shortAddr = 0xFFFF;
   \   00003E   90....       MOV     DPTR,#SampleApp_Periodic_DstAddr
   \   000041   74FF         MOV     A,#-0x1
   \   000043   F0           MOVX    @DPTR,A
   \   000044   A3           INC     DPTR
   \   000045   F0           MOVX    @DPTR,A
    214          
    215            // Setup for the flash command's destination address - Group 1
    216            SampleApp_Flash_DstAddr.addrMode = (afAddrMode_t)afAddrGroup;
   \   000046   90....       MOV     DPTR,#SampleApp_Flash_DstAddr + 8
   \   000049   7401         MOV     A,#0x1
   \   00004B   F0           MOVX    @DPTR,A
    217            SampleApp_Flash_DstAddr.endPoint = SAMPLEAPP_ENDPOINT;
   \   00004C   A3           INC     DPTR
   \   00004D   7414         MOV     A,#0x14
   \   00004F   F0           MOVX    @DPTR,A
    218            SampleApp_Flash_DstAddr.addr.shortAddr = SAMPLEAPP_FLASH_GROUP;
   \   000050   90....       MOV     DPTR,#SampleApp_Flash_DstAddr
   \   000053   7401         MOV     A,#0x1
   \   000055   F0           MOVX    @DPTR,A
   \   000056   A3           INC     DPTR
   \   000057   E4           CLR     A
   \   000058   F0           MOVX    @DPTR,A
    219          
    220            // Fill out the endpoint description.
    221            SampleApp_epDesc.endPoint = SAMPLEAPP_ENDPOINT;
   \   000059   90....       MOV     DPTR,#SampleApp_epDesc
   \   00005C   7414         MOV     A,#0x14
   \   00005E   F0           MOVX    @DPTR,A
    222            SampleApp_epDesc.task_id = &SampleApp_TaskID;
   \   00005F   A3           INC     DPTR
   \   000060   74..         MOV     A,#SampleApp_TaskID & 0xff
   \   000062   F0           MOVX    @DPTR,A
   \   000063   A3           INC     DPTR
   \   000064   74..         MOV     A,#(SampleApp_TaskID >> 8) & 0xff
   \   000066   F0           MOVX    @DPTR,A
    223            SampleApp_epDesc.simpleDesc
    224                      = (SimpleDescriptionFormat_t *)&SampleApp_SimpleDesc;
   \   000067   A3           INC     DPTR
   \   000068   74..         MOV     A,#SampleApp_SimpleDesc & 0xff
   \   00006A   F0           MOVX    @DPTR,A
   \   00006B   A3           INC     DPTR
   \   00006C   74..         MOV     A,#(SampleApp_SimpleDesc >> 8) & 0xff
   \   00006E   F0           MOVX    @DPTR,A
    225            SampleApp_epDesc.latencyReq = noLatencyReqs;
   \   00006F   A3           INC     DPTR
   \   000070   E4           CLR     A
   \   000071   F0           MOVX    @DPTR,A
    226          
    227            // Register the endpoint description with the AF
    228            afRegister( &SampleApp_epDesc );
   \   000072                ; Setup parameters for call to function afRegister
   \   000072   7A..         MOV     R2,#SampleApp_epDesc & 0xff
   \   000074   7B..         MOV     R3,#(SampleApp_epDesc >> 8) & 0xff
   \   000076   12....       LCALL   ??afRegister?relay
    229          
    230            // Register for all key events - This app will handle all key events
    231            RegisterForKeys( SampleApp_TaskID );
   \   000079                ; Setup parameters for call to function RegisterForKeys
   \   000079   90....       MOV     DPTR,#SampleApp_TaskID
   \   00007C   E0           MOVX    A,@DPTR
   \   00007D   F9           MOV     R1,A
   \   00007E   12....       LCALL   ??RegisterForKeys?relay
    232          
    233            // By default, all devices start out in Group 1
    234            SampleApp_Group.ID = 0x0001;
   \   000081   90....       MOV     DPTR,#SampleApp_Group
   \   000084   7401         MOV     A,#0x1
   \   000086   F0           MOVX    @DPTR,A
   \   000087   A3           INC     DPTR
   \   000088   E4           CLR     A
   \   000089   F0           MOVX    @DPTR,A
    235            osal_memcpy( SampleApp_Group.name, "Group 1", 7  );
   \   00008A                ; Setup parameters for call to function osal_memcpy
   \   00008A   75....       MOV     ?V0 + 0,#`?<Constant "Group 1">` & 0xff
   \   00008D   75....       MOV     ?V0 + 1,#(`?<Constant "Group 1">` >> 8) & 0xff
   \   000090   F5..         MOV     ?V0 + 2,A
   \   000092   78..         MOV     R0,#?V0 + 0
   \   000094   12....       LCALL   ?PUSH_XSTACK_I_THREE
   \   000097   7C07         MOV     R4,#0x7
   \   000099   7D00         MOV     R5,#0x0
   \   00009B   7A..         MOV     R2,#(SampleApp_Group + 2) & 0xff
   \   00009D   7B..         MOV     R3,#((SampleApp_Group + 2) >> 8) & 0xff
   \   00009F   12....       LCALL   ??osal_memcpy?relay
   \   0000A2   7403         MOV     A,#0x3
   \   0000A4   12....       LCALL   ?DEALLOC_XSTACK8
    236            aps_AddGroup( SAMPLEAPP_ENDPOINT, &SampleApp_Group );
   \   0000A7                ; Setup parameters for call to function aps_AddGroup
   \   0000A7   7A..         MOV     R2,#SampleApp_Group & 0xff
   \   0000A9   7B..         MOV     R3,#(SampleApp_Group >> 8) & 0xff
   \   0000AB   7914         MOV     R1,#0x14
   \   0000AD   12....       LCALL   ??aps_AddGroup?relay
    237          
    238          #if defined ( LCD_SUPPORTED )
    239            HalLcdWriteString( "SampleApp", HAL_LCD_LINE_1 );
   \   0000B0                ; Setup parameters for call to function HalLcdWriteString
   \   0000B0   7901         MOV     R1,#0x1
   \   0000B2   7A..         MOV     R2,#`?<Constant "SampleApp">` & 0xff
   \   0000B4   7B..         MOV     R3,#(`?<Constant "SampleApp">` >> 8) & 0xff
   \   0000B6   12....       LCALL   ??HalLcdWriteString?relay
    240          #endif
    241          }
   \   0000B9   7F03         MOV     R7,#0x3
   \   0000BB   02....       LJMP    ?BANKED_LEAVE_XDATA
    242          
    243          /*********************************************************************
    244           * @fn      SampleApp_ProcessEvent
    245           *
    246           * @brief   Generic Application Task event processor.  This function
    247           *          is called to process all events for the task.  Events
    248           *          include timers, messages and any other user defined events.
    249           *
    250           * @param   task_id  - The OSAL assigned task ID.
    251           * @param   events - events to process.  This is a bit map and can
    252           *                   contain more than one event.
    253           *
    254           * @return  none
    255           */

   \                                 In  segment BANKED_CODE, align 1, keep-with-next
    256          uint16 SampleApp_ProcessEvent( uint8 task_id, uint16 events )
   \                     SampleApp_ProcessEvent:
    257          {
   \   000000   74F4         MOV     A,#-0xc
   \   000002   12....       LCALL   ?BANKED_ENTER_XDATA
   \   000005                ; Saved register size: 12
   \   000005                ; Auto size: 0
   \   000005   EA           MOV     A,R2
   \   000006   FE           MOV     R6,A
   \   000007   EB           MOV     A,R3
   \   000008   FF           MOV     R7,A
    258            afIncomingMSGPacket_t *MSGpkt;
    259            (void)task_id;  // Intentionally unreferenced parameter
    260          
    261            if ( events & SYS_EVENT_MSG )
   \   000009   5480         ANL     A,#0x80
   \   00000B   7003         JNZ     $+5
   \   00000D   02....       LJMP    ??SampleApp_ProcessEvent_0 & 0xFFFF
    262            {
    263              MSGpkt = (afIncomingMSGPacket_t *)osal_msg_receive( SampleApp_TaskID );
   \   000010                ; Setup parameters for call to function osal_msg_receive
   \   000010   802B         SJMP    ??SampleApp_ProcessEvent_1
    264              while ( MSGpkt )
    265              {
    266                switch ( MSGpkt->hdr.event )
    267                {
    268                  case CMD_SERIAL_MSG:  //串口收到数据后由MT_UART层传递过来的数据，用网蜂方法接收，编译时不定义MT相关内容 
    269                   SampleApp_SerialCMD((mtOSALSerialData_t *)MSGpkt);
    270                   break;
    271          
    272                  // Received when a key is pressed
    273                    case KEY_CHANGE:
    274                    SampleApp_HandleKeys( ((keyChange_t *)MSGpkt)->state, ((keyChange_t *)MSGpkt)->keys );
    275                    break;
    276          
    277                  // Received when a messages is received (OTA) for this endpoint
    278                  case AF_INCOMING_MSG_CMD:
    279                    SampleApp_MessageMSGCB( MSGpkt );
    280                    break;
    281          
    282                  // Received whenever the device changes state in the network
    283                  case ZDO_STATE_CHANGE:
    284                    SampleApp_NwkState = (devStates_t)(MSGpkt->hdr.status);
   \                     ??SampleApp_ProcessEvent_2:
   \   000012   A3           INC     DPTR
   \   000013   E0           MOVX    A,@DPTR
   \   000014   90....       MOV     DPTR,#SampleApp_NwkState
   \   000017   F0           MOVX    @DPTR,A
    285                    if ( (SampleApp_NwkState == DEV_ZB_COORD)
    286                        || (SampleApp_NwkState == DEV_ROUTER)
    287                        || (SampleApp_NwkState == DEV_END_DEVICE) )
   \   000018   6409         XRL     A,#0x9
   \   00001A   600A         JZ      ??SampleApp_ProcessEvent_3
   \   00001C   E0           MOVX    A,@DPTR
   \   00001D   6407         XRL     A,#0x7
   \   00001F   6005         JZ      ??SampleApp_ProcessEvent_3
   \   000021   E0           MOVX    A,@DPTR
   \   000022   6406         XRL     A,#0x6
   \   000024   7010         JNZ     ??SampleApp_ProcessEvent_4
    288                    {
    289                      // Start sending the periodic message in a regular interval.
    290                      osal_start_timerEx( SampleApp_TaskID,
    291                                        SAMPLEAPP_SEND_PERIODIC_MSG_EVT,
    292                                        SAMPLEAPP_SEND_PERIODIC_MSG_TIMEOUT );
   \                     ??SampleApp_ProcessEvent_3:
   \   000026                ; Setup parameters for call to function osal_start_timerEx
   \   000026   7C88         MOV     R4,#-0x78
   \   000028   7D13         MOV     R5,#0x13
   \   00002A   7A01         MOV     R2,#0x1
   \   00002C   7B00         MOV     R3,#0x0
   \   00002E   90....       MOV     DPTR,#SampleApp_TaskID
   \   000031   E0           MOVX    A,@DPTR
   \   000032   F9           MOV     R1,A
   \   000033   12....       LCALL   ??osal_start_timerEx?relay
    293                    }
    294                    else
    295                    {
    296                      // Device is no longer in the network
    297                    }
    298                    break;
    299          
    300                  default:
    301                    break;
    302                }
    303          
    304                // Release the memory
    305                osal_msg_deallocate( (uint8 *)MSGpkt );
   \                     ??SampleApp_ProcessEvent_4:
   \   000036                ; Setup parameters for call to function osal_msg_deallocate
   \   000036   AA..         MOV     R2,?V0 + 0
   \   000038   AB..         MOV     R3,?V0 + 1
   \   00003A   12....       LCALL   ??osal_msg_deallocate?relay
    306          
    307                // Next - if one is available
    308                MSGpkt = (afIncomingMSGPacket_t *)osal_msg_receive( SampleApp_TaskID );
   \   00003D                ; Setup parameters for call to function osal_msg_receive
   \                     ??SampleApp_ProcessEvent_1:
   \   00003D   90....       MOV     DPTR,#SampleApp_TaskID
   \   000040   E0           MOVX    A,@DPTR
   \   000041   F9           MOV     R1,A
   \   000042   12....       LCALL   ??osal_msg_receive?relay
   \   000045   8A..         MOV     ?V0 + 0,R2
   \   000047   8B..         MOV     ?V0 + 1,R3
   \   000049   E5..         MOV     A,?V0 + 0
   \   00004B   45..         ORL     A,?V0 + 1
   \   00004D   603E         JZ      ??SampleApp_ProcessEvent_5
   \   00004F   85..82       MOV     DPL,?V0 + 0
   \   000052   85..83       MOV     DPH,?V0 + 1
   \   000055   E0           MOVX    A,@DPTR
   \   000056   14           DEC     A
   \   000057   600E         JZ      ??SampleApp_ProcessEvent_6
   \   000059   24E7         ADD     A,#-0x19
   \   00005B   6027         JZ      ??SampleApp_ProcessEvent_7
   \   00005D   245A         ADD     A,#0x5a
   \   00005F   600F         JZ      ??SampleApp_ProcessEvent_8
   \   000061   24EF         ADD     A,#-0x11
   \   000063   60AD         JZ      ??SampleApp_ProcessEvent_2
   \   000065   80CF         SJMP    ??SampleApp_ProcessEvent_4
   \                     ??SampleApp_ProcessEvent_6:
   \   000067                ; Setup parameters for call to function SampleApp_SerialCMD
   \   000067   AA..         MOV     R2,?V0 + 0
   \   000069   AB..         MOV     R3,?V0 + 1
   \   00006B   12....       LCALL   ??SampleApp_SerialCMD?relay
   \   00006E   80C6         SJMP    ??SampleApp_ProcessEvent_4
   \                     ??SampleApp_ProcessEvent_8:
   \   000070                ; Setup parameters for call to function SampleApp_HandleKeys
   \   000070   A3           INC     DPTR
   \   000071   A3           INC     DPTR
   \   000072   A3           INC     DPTR
   \   000073   E0           MOVX    A,@DPTR
   \   000074   FA           MOV     R2,A
   \   000075   85..82       MOV     DPL,?V0 + 0
   \   000078   85..83       MOV     DPH,?V0 + 1
   \   00007B   A3           INC     DPTR
   \   00007C   A3           INC     DPTR
   \   00007D   E0           MOVX    A,@DPTR
   \   00007E   F9           MOV     R1,A
   \   00007F   12....       LCALL   ??SampleApp_HandleKeys?relay
   \   000082   80B2         SJMP    ??SampleApp_ProcessEvent_4
   \                     ??SampleApp_ProcessEvent_7:
   \   000084                ; Setup parameters for call to function SampleApp_MessageMSGCB
   \   000084   AA..         MOV     R2,?V0 + 0
   \   000086   AB..         MOV     R3,?V0 + 1
   \   000088   12....       LCALL   ??SampleApp_MessageMSGCB?relay
   \   00008B   80A9         SJMP    ??SampleApp_ProcessEvent_4
    309              }
    310          
    311              // return unprocessed events
    312              return (events ^ SYS_EVENT_MSG);
   \                     ??SampleApp_ProcessEvent_5:
   \   00008D   EE           MOV     A,R6
   \   00008E   FA           MOV     R2,A
   \   00008F   EF           MOV     A,R7
   \   000090   6480         XRL     A,#0x80
   \                     ??SampleApp_ProcessEvent_9:
   \   000092   FB           MOV     R3,A
   \   000093   802A         SJMP    ??SampleApp_ProcessEvent_10
    313            }
    314          
    315            // Send a message out - This event is generated by a timer
    316            //  (setup in SampleApp_Init()).
    317            if ( events & SAMPLEAPP_SEND_PERIODIC_MSG_EVT )
   \                     ??SampleApp_ProcessEvent_0:
   \   000095   EE           MOV     A,R6
   \   000096   A2E0         MOV     C,0xE0 /* A   */.0
   \   000098   5021         JNC     ??SampleApp_ProcessEvent_11
    318            {
    319              // Send the periodic message
    320              SampleApp_SendPeriodicMessage();
   \   00009A                ; Setup parameters for call to function SampleApp_SendPeriodicMessage
   \   00009A   12....       LCALL   ??SampleApp_SendPeriodicMessage?relay
    321          
    322              // Setup to send message again in normal period (+ a little jitter)
    323              osal_start_timerEx( SampleApp_TaskID, SAMPLEAPP_SEND_PERIODIC_MSG_EVT,
    324                  (SAMPLEAPP_SEND_PERIODIC_MSG_TIMEOUT + (osal_rand() & 0x00FF)) );
   \   00009D                ; Setup parameters for call to function osal_rand
   \   00009D   12....       LCALL   ??osal_rand?relay
   \   0000A0                ; Setup parameters for call to function osal_start_timerEx
   \   0000A0   EA           MOV     A,R2
   \   0000A1   2488         ADD     A,#-0x78
   \   0000A3   FC           MOV     R4,A
   \   0000A4   E4           CLR     A
   \   0000A5   3413         ADDC    A,#0x13
   \   0000A7   FD           MOV     R5,A
   \   0000A8   7A01         MOV     R2,#0x1
   \   0000AA   7B00         MOV     R3,#0x0
   \   0000AC   90....       MOV     DPTR,#SampleApp_TaskID
   \   0000AF   E0           MOVX    A,@DPTR
   \   0000B0   F9           MOV     R1,A
   \   0000B1   12....       LCALL   ??osal_start_timerEx?relay
    325          
    326              // return unprocessed events
    327              return (events ^ SAMPLEAPP_SEND_PERIODIC_MSG_EVT);
   \   0000B4   EE           MOV     A,R6
   \   0000B5   6401         XRL     A,#0x1
   \   0000B7   FA           MOV     R2,A
   \   0000B8   EF           MOV     A,R7
   \   0000B9   80D7         SJMP    ??SampleApp_ProcessEvent_9
    328            }
    329          
    330            // Discard unknown events
    331            return 0;
   \                     ??SampleApp_ProcessEvent_11:
   \   0000BB   7A00         MOV     R2,#0x0
   \   0000BD   7B00         MOV     R3,#0x0
   \                     ??SampleApp_ProcessEvent_10:
   \   0000BF                REQUIRE ?Subroutine0
   \   0000BF                ; // Fall through to label ?Subroutine0
    332          }

   \                                 In  segment BANKED_CODE, align 1, keep-with-next
   \                     ?Subroutine0:
   \   000000   7F04         MOV     R7,#0x4
   \   000002   02....       LJMP    ?BANKED_LEAVE_XDATA
    333          
    334          /*********************************************************************
    335           * Event Generation Functions
    336           */
    337          /*********************************************************************
    338           * @fn      SampleApp_HandleKeys
    339           *
    340           * @brief   Handles all key events for this device.
    341           *
    342           * @param   shift - true if in shift/alt.
    343           * @param   keys - bit field for key events. Valid entries:
    344           *                 HAL_KEY_SW_2
    345           *                 HAL_KEY_SW_1
    346           *
    347           * @return  none
    348           */

   \                                 In  segment BANKED_CODE, align 1, keep-with-next
    349          void SampleApp_HandleKeys( uint8 shift, uint8 keys )
   \                     SampleApp_HandleKeys:
    350          {
   \   000000   74F6         MOV     A,#-0xa
   \   000002   12....       LCALL   ?BANKED_ENTER_XDATA
   \   000005                ; Saved register size: 10
   \   000005                ; Auto size: 0
   \   000005   EA           MOV     A,R2
   \   000006   FE           MOV     R6,A
    351            (void)shift;  // Intentionally unreferenced parameter
    352            
    353            if ( keys & HAL_KEY_SW_1 )
   \   000007   A2E0         MOV     C,0xE0 /* A   */.0
   \   000009   5007         JNC     ??SampleApp_HandleKeys_0
    354            {
    355              /* This key sends the Flash Command is sent to Group 1.
    356               * This device will not receive the Flash Command from this
    357               * device (even if it belongs to group 1).
    358               */
    359              SampleApp_SendFlashMessage( SAMPLEAPP_FLASH_DURATION );
   \   00000B                ; Setup parameters for call to function SampleApp_SendFlashMessage
   \   00000B   7AE8         MOV     R2,#-0x18
   \   00000D   7B03         MOV     R3,#0x3
   \   00000F   12....       LCALL   ??SampleApp_SendFlashMessage?relay
    360            }
    361          
    362            if ( keys & HAL_KEY_SW_2 )
   \                     ??SampleApp_HandleKeys_0:
   \   000012   EE           MOV     A,R6
   \   000013   A2E1         MOV     C,0xE0 /* A   */.1
   \   000015   5024         JNC     ??SampleApp_HandleKeys_1
    363            {
    364              /* The Flashr Command is sent to Group 1.
    365               * This key toggles this device in and out of group 1.
    366               * If this device doesn't belong to group 1, this application
    367               * will not receive the Flash command sent to group 1.
    368               */
    369              aps_Group_t *grp;
    370              grp = aps_FindGroup( SAMPLEAPP_ENDPOINT, SAMPLEAPP_FLASH_GROUP );
    371              if ( grp )
   \   000017                ; Setup parameters for call to function aps_FindGroup
   \   000017   7A01         MOV     R2,#0x1
   \   000019   7B00         MOV     R3,#0x0
   \   00001B   7914         MOV     R1,#0x14
   \   00001D   12....       LCALL   ??aps_FindGroup?relay
   \   000020   8B..         MOV     ?V0 + 1,R3
   \   000022   EA           MOV     A,R2
   \   000023   45..         ORL     A,?V0 + 1
   \   000025   600B         JZ      ??SampleApp_HandleKeys_2
    372              {
    373                // Remove from the group
    374                aps_RemoveGroup( SAMPLEAPP_ENDPOINT, SAMPLEAPP_FLASH_GROUP );
   \   000027                ; Setup parameters for call to function aps_RemoveGroup
   \   000027   7A01         MOV     R2,#0x1
   \   000029   7B00         MOV     R3,#0x0
   \   00002B   7914         MOV     R1,#0x14
   \   00002D   12....       LCALL   ??aps_RemoveGroup?relay
   \   000030   8009         SJMP    ??SampleApp_HandleKeys_1
    375              }
    376              else
    377              {
    378                // Add to the flash group
    379                aps_AddGroup( SAMPLEAPP_ENDPOINT, &SampleApp_Group );
   \                     ??SampleApp_HandleKeys_2:
   \   000032                ; Setup parameters for call to function aps_AddGroup
   \   000032   7A..         MOV     R2,#SampleApp_Group & 0xff
   \   000034   7B..         MOV     R3,#(SampleApp_Group >> 8) & 0xff
   \   000036   7914         MOV     R1,#0x14
   \   000038   12....       LCALL   ??aps_AddGroup?relay
    380              }
    381            }
    382          }
   \                     ??SampleApp_HandleKeys_1:
   \   00003B   02....       LJMP    ??Subroutine4_0 & 0xFFFF

   \                                 In  segment BANKED_CODE, align 1, keep-with-next
   \                     ??Subroutine4_0:
   \   000000   7F02         MOV     R7,#0x2
   \   000002   02....       LJMP    ?BANKED_LEAVE_XDATA
    383          
    384          /*********************************************************************
    385           * LOCAL FUNCTIONS
    386           */
    387          
    388          /*********************************************************************
    389           * @fn      SampleApp_MessageMSGCB
    390           *
    391           * @brief   Data message processor callback.  This function processes
    392           *          any incoming data - probably from other devices.  So, based
    393           *          on cluster ID, perform the intended action.
    394           *
    395           * @param   none
    396           *
    397           * @return  none
    398           */

   \                                 In  segment BANKED_CODE, align 1, keep-with-next
    399          void SampleApp_MessageMSGCB( afIncomingMSGPacket_t *pkt )
   \                     SampleApp_MessageMSGCB:
    400          {
   \   000000   74F6         MOV     A,#-0xa
   \   000002   12....       LCALL   ?BANKED_ENTER_XDATA
   \   000005                ; Saved register size: 10
   \   000005                ; Auto size: 3
   \   000005   74FD         MOV     A,#-0x3
   \   000007   12....       LCALL   ?ALLOC_XSTACK8
   \   00000A   EA           MOV     A,R2
   \   00000B   FE           MOV     R6,A
   \   00000C   EB           MOV     A,R3
   \   00000D   FF           MOV     R7,A
    401            uint16 flashTime;
                          ^
Warning[Pe177]: variable "flashTime" was declared but never referenced
    402          
    403            switch ( pkt->clusterId )
   \   00000E   8E82         MOV     DPL,R6
   \   000010   8F83         MOV     DPH,R7
   \   000012   A3           INC     DPTR
   \   000013   A3           INC     DPTR
   \   000014   A3           INC     DPTR
   \   000015   A3           INC     DPTR
   \   000016   E0           MOVX    A,@DPTR
   \   000017   6403         XRL     A,#0x3
   \   000019   7002         JNZ     ??SampleApp_MessageMSGCB_0
   \   00001B   A3           INC     DPTR
   \   00001C   E0           MOVX    A,@DPTR
   \                     ??SampleApp_MessageMSGCB_0:
   \   00001D   705C         JNZ     ??SampleApp_MessageMSGCB_1
    404            {
    405              uint8 i,len,rssi_buf[3];
    406               case SAMPLEAPP_COM_CLUSTERID:     //如果是终端节点的信息
    407                len=pkt->cmd.Data[0];
   \   00001F   12....       LCALL   ?Subroutine2 & 0xFFFF
   \                     ??CrossCallReturnLabel_0:
   \   000022   F8           MOV     R0,A
   \   000023   A3           INC     DPTR
   \   000024   E0           MOVX    A,@DPTR
   \   000025   F583         MOV     DPH,A
   \   000027   8882         MOV     DPL,R0
   \   000029   E0           MOVX    A,@DPTR
   \   00002A   F5..         MOV     ?V0 + 1,A
    408                for(i=0;i<len;i++)
   \   00002C   75..00       MOV     ?V0 + 0,#0x0
   \   00002F   801F         SJMP    ??SampleApp_MessageMSGCB_2
    409               HalUARTWrite(0,&pkt->cmd.Data[i+1],1);//发给PC机
   \                     ??SampleApp_MessageMSGCB_3:
   \   000031                ; Setup parameters for call to function HalUARTWrite
   \   000031   7C01         MOV     R4,#0x1
   \   000033   7D00         MOV     R5,#0x0
   \   000035   A8..         MOV     R0,?V0 + 0
   \   000037   12....       LCALL   ?Subroutine2 & 0xFFFF
   \                     ??CrossCallReturnLabel_1:
   \   00003A   28           ADD     A,R0
   \   00003B   FA           MOV     R2,A
   \   00003C   A3           INC     DPTR
   \   00003D   E0           MOVX    A,@DPTR
   \   00003E   3400         ADDC    A,#0x0
   \   000040   8A82         MOV     DPL,R2
   \   000042   F583         MOV     DPH,A
   \   000044   A3           INC     DPTR
   \   000045   AA82         MOV     R2,DPL
   \   000047   AB83         MOV     R3,DPH
   \   000049   7900         MOV     R1,#0x0
   \   00004B   12....       LCALL   ??HalUARTWrite?relay
   \   00004E   05..         INC     ?V0 + 0
   \                     ??SampleApp_MessageMSGCB_2:
   \   000050   E5..         MOV     A,?V0 + 0
   \   000052   C3           CLR     C
   \   000053   95..         SUBB    A,?V0 + 1
   \   000055   40DA         JC      ??SampleApp_MessageMSGCB_3
    410                //HalUARTWrite(0,"\n",1);               // 回车换行
    411               
    412               rssi_buf[0]=0xff-pkt->rssi;
   \   000057   EE           MOV     A,R6
   \   000058   2418         ADD     A,#0x18
   \   00005A   F582         MOV     DPL,A
   \   00005C   EF           MOV     A,R7
   \   00005D   3400         ADDC    A,#0x0
   \   00005F   F583         MOV     DPH,A
   \   000061   E0           MOVX    A,@DPTR
   \   000062   F8           MOV     R0,A
   \   000063   74FF         MOV     A,#-0x1
   \   000065   C3           CLR     C
   \   000066   98           SUBB    A,R0
   \   000067   85..82       MOV     DPL,?XSP + 0
   \   00006A   85..83       MOV     DPH,?XSP + 1
   \   00006D   F0           MOVX    @DPTR,A
    413               HalUARTWrite(0,rssi_buf,1);
   \   00006E                ; Setup parameters for call to function HalUARTWrite
   \   00006E   7C01         MOV     R4,#0x1
   \   000070   7D00         MOV     R5,#0x0
   \   000072   AA82         MOV     R2,DPL
   \   000074   AB83         MOV     R3,DPH
   \   000076   7900         MOV     R1,#0x0
   \   000078   12....       LCALL   ??HalUARTWrite?relay
    414               //rssi_buf[0]=‘-’；
    415              //rssi_buf[1]=pkt->rssi/10+0x30;
    416              //rssi_buf[2]=pkt->rssi%10+0x30;
    417              
    418              //HalUARTWrite(0,rssi_buf,3);
    419                break;
    420           
    421          
    422          
    423              /*case SAMPLEAPP_PERIODIC_CLUSTERID:
    424                
    425                break;
    426          
    427              case SAMPLEAPP_FLASH_CLUSTERID:
    428                flashTime = BUILD_UINT16(pkt->cmd.Data[1], pkt->cmd.Data[2] );
    429                HalLedBlink( HAL_LED_4, 4, 50, (flashTime / 4) );
    430                break;*/
    431            }
    432          }
   \                     ??SampleApp_MessageMSGCB_1:
   \   00007B   80..         SJMP    ?Subroutine1

   \                                 In  segment BANKED_CODE, align 1, keep-with-next
   \                     ?Subroutine2:
   \   000000   EE           MOV     A,R6
   \   000001   2422         ADD     A,#0x22
   \   000003   F582         MOV     DPL,A
   \   000005   EF           MOV     A,R7
   \   000006   3400         ADDC    A,#0x0
   \   000008   F583         MOV     DPH,A
   \   00000A   E0           MOVX    A,@DPTR
   \   00000B   22           RET

   \                                 In  segment BANKED_CODE, align 1, keep-with-next
   \                     ?Subroutine1:
   \   000000   7403         MOV     A,#0x3
   \   000002                REQUIRE ??Subroutine3_0
   \   000002                ; // Fall through to label ??Subroutine3_0

   \                                 In  segment BANKED_CODE, align 1, keep-with-next
   \                     ??Subroutine3_0:
   \   000000   12....       LCALL   ?DEALLOC_XSTACK8
   \   000003                REQUIRE ??Subroutine4_0
   \   000003                ; // Fall through to label ??Subroutine4_0
    433          
    434          /*********************************************************************
    435           * @fn      SampleApp_SendPeriodicMessage
    436           *
    437           * @brief   Send the periodic message.
    438           *
    439           * @param   none
    440           *
    441           * @return  none
    442           */

   \                                 In  segment BANKED_CODE, align 1, keep-with-next
    443          void SampleApp_SendPeriodicMessage( void )
   \                     SampleApp_SendPeriodicMessage:
    444          {
   \   000000   74F6         MOV     A,#-0xa
   \   000002   12....       LCALL   ?BANKED_ENTER_XDATA
   \   000005                ; Saved register size: 10
   \   000005                ; Auto size: 0
    445            if ( AF_DataRequest( &SampleApp_Periodic_DstAddr, &SampleApp_epDesc,
    446                                 SAMPLEAPP_PERIODIC_CLUSTERID,
    447                                 1,
    448                                 (uint8*)&SampleAppPeriodicCounter,
    449                                 &SampleApp_TransID,
    450                                 AF_DISCV_ROUTE,
    451                                 AF_DEFAULT_RADIUS ) == afStatus_SUCCESS )
   \   000005                ; Setup parameters for call to function AF_DataRequest
   \   000005   75..1E       MOV     ?V0 + 0,#0x1e
   \   000008   78..         MOV     R0,#?V0 + 0
   \   00000A   12....       LCALL   ?PUSH_XSTACK_I_ONE
   \   00000D   75....       MOV     ?V0 + 0,#SampleApp_TransID & 0xff
   \   000010   75....       MOV     ?V0 + 1,#(SampleApp_TransID >> 8) & 0xff
   \   000013   78..         MOV     R0,#?V0 + 0
   \   000015   12....       LCALL   ?PUSH_XSTACK_I_TWO
   \   000018   75....       MOV     ?V0 + 0,#SampleAppPeriodicCounter & 0xff
   \   00001B   75....       MOV     ?V0 + 1,#(SampleAppPeriodicCounter >> 8) & 0xff
   \   00001E   78..         MOV     R0,#?V0 + 0
   \   000020   12....       LCALL   ?PUSH_XSTACK_I_TWO
   \   000023   75..01       MOV     ?V0 + 0,#0x1
   \   000026   75..00       MOV     ?V0 + 1,#0x0
   \   000029   78..         MOV     R0,#?V0 + 0
   \   00002B   12....       LCALL   ?PUSH_XSTACK_I_TWO
   \   00002E   78..         MOV     R0,#?V0 + 0
   \   000030   12....       LCALL   ?PUSH_XSTACK_I_TWO
   \   000033   7920         MOV     R1,#0x20
   \   000035   7C..         MOV     R4,#SampleApp_epDesc & 0xff
   \   000037   7D..         MOV     R5,#(SampleApp_epDesc >> 8) & 0xff
   \   000039   7A..         MOV     R2,#SampleApp_Periodic_DstAddr & 0xff
   \   00003B   7B..         MOV     R3,#(SampleApp_Periodic_DstAddr >> 8) & 0xff
   \   00003D   12....       LCALL   ??AF_DataRequest?relay
   \   000040   7409         MOV     A,#0x9
   \   000042   80..         SJMP    ??Subroutine3_0
    452            {
    453            }
    454            else
    455            {
    456              // Error occurred in request to send.
    457            }
    458          }
    459          
    460          /*********************************************************************
    461           * @fn      SampleApp_SendFlashMessage
    462           *
    463           * @brief   Send the flash message to group 1.
    464           *
    465           * @param   flashTime - in milliseconds
    466           *
    467           * @return  none
    468           */

   \                                 In  segment BANKED_CODE, align 1, keep-with-next
    469          void SampleApp_SendFlashMessage( uint16 flashTime )
   \                     SampleApp_SendFlashMessage:
    470          {
   \   000000   74F6         MOV     A,#-0xa
   \   000002   12....       LCALL   ?BANKED_ENTER_XDATA
   \   000005                ; Saved register size: 10
   \   000005                ; Auto size: 3
   \   000005   74FD         MOV     A,#-0x3
   \   000007   12....       LCALL   ?ALLOC_XSTACK8
    471            uint8 buffer[3];
    472            buffer[0] = (uint8)(SampleAppFlashCounter++);
   \   00000A   90....       MOV     DPTR,#SampleAppFlashCounter
   \   00000D   E0           MOVX    A,@DPTR
   \   00000E   85..82       MOV     DPL,?XSP + 0
   \   000011   85..83       MOV     DPH,?XSP + 1
   \   000014   F0           MOVX    @DPTR,A
   \   000015   90....       MOV     DPTR,#SampleAppFlashCounter
   \   000018   E0           MOVX    A,@DPTR
   \   000019   04           INC     A
   \   00001A   F0           MOVX    @DPTR,A
    473            buffer[1] = LO_UINT16( flashTime );
   \   00001B   7401         MOV     A,#0x1
   \   00001D   12....       LCALL   ?XSTACK_DISP0_8
   \   000020   EA           MOV     A,R2
   \   000021   F0           MOVX    @DPTR,A
    474            buffer[2] = HI_UINT16( flashTime );
   \   000022   7402         MOV     A,#0x2
   \   000024   12....       LCALL   ?XSTACK_DISP0_8
   \   000027   EB           MOV     A,R3
   \   000028   F0           MOVX    @DPTR,A
    475          
    476            if ( AF_DataRequest( &SampleApp_Flash_DstAddr, &SampleApp_epDesc,
    477                                 SAMPLEAPP_FLASH_CLUSTERID,
    478                                 3,
    479                                 buffer,
    480                                 &SampleApp_TransID,
    481                                 AF_DISCV_ROUTE,
    482                                 AF_DEFAULT_RADIUS ) == afStatus_SUCCESS )
   \   000029                ; Setup parameters for call to function AF_DataRequest
   \   000029   75..1E       MOV     ?V0 + 0,#0x1e
   \   00002C   78..         MOV     R0,#?V0 + 0
   \   00002E   12....       LCALL   ?PUSH_XSTACK_I_ONE
   \   000031   75....       MOV     ?V0 + 0,#SampleApp_TransID & 0xff
   \   000034   75....       MOV     ?V0 + 1,#(SampleApp_TransID >> 8) & 0xff
   \   000037   78..         MOV     R0,#?V0 + 0
   \   000039   12....       LCALL   ?PUSH_XSTACK_I_TWO
   \   00003C   7403         MOV     A,#0x3
   \   00003E   12....       LCALL   ?XSTACK_DISP0_8
   \   000041   8582..       MOV     ?V0 + 0,DPL
   \   000044   8583..       MOV     ?V0 + 1,DPH
   \   000047   78..         MOV     R0,#?V0 + 0
   \   000049   12....       LCALL   ?PUSH_XSTACK_I_TWO
   \   00004C   75..03       MOV     ?V0 + 0,#0x3
   \   00004F   75..00       MOV     ?V0 + 1,#0x0
   \   000052   78..         MOV     R0,#?V0 + 0
   \   000054   12....       LCALL   ?PUSH_XSTACK_I_TWO
   \   000057   75..02       MOV     ?V0 + 0,#0x2
   \   00005A   78..         MOV     R0,#?V0 + 0
   \   00005C   12....       LCALL   ?PUSH_XSTACK_I_TWO
   \   00005F   7920         MOV     R1,#0x20
   \   000061   7C..         MOV     R4,#SampleApp_epDesc & 0xff
   \   000063   7D..         MOV     R5,#(SampleApp_epDesc >> 8) & 0xff
   \   000065   7A..         MOV     R2,#SampleApp_Flash_DstAddr & 0xff
   \   000067   7B..         MOV     R3,#(SampleApp_Flash_DstAddr >> 8) & 0xff
   \   000069   12....       LCALL   ??AF_DataRequest?relay
   \   00006C   7409         MOV     A,#0x9
   \   00006E   12....       LCALL   ?DEALLOC_XSTACK8
    483            {
    484            }
    485            else
    486            {
    487              // Error occurred in request to send.
    488            }
    489          }
   \   000071   80..         SJMP    ?Subroutine1
    490          
    491          /*********************************************************************
    492          *********************************************************************/

   \                                 In  segment BANKED_CODE, align 1, keep-with-next
    493          void SampleApp_SerialCMD(mtOSALSerialData_t *cmdMsg)
   \                     SampleApp_SerialCMD:
    494          {
   \   000000   74F4         MOV     A,#-0xc
   \   000002   12....       LCALL   ?BANKED_ENTER_XDATA
   \   000005                ; Saved register size: 12
   \   000005                ; Auto size: 0
    495            uint8 i,len,*str=NULL;     //len有用数据长度
                         ^
Warning[Pe177]: variable "i" was declared but never referenced
    496            str=cmdMsg->msg;          //指向数据开头
   \   000005   8A82         MOV     DPL,R2
   \   000007   8B83         MOV     DPH,R3
   \   000009   A3           INC     DPTR
   \   00000A   A3           INC     DPTR
   \   00000B   E0           MOVX    A,@DPTR
   \   00000C   F5..         MOV     ?V0 + 0,A
   \   00000E   A3           INC     DPTR
   \   00000F   E0           MOVX    A,@DPTR
   \   000010   F5..         MOV     ?V0 + 1,A
    497            len=*str;                 //msg里的第1个字节代表后面的数据长度
    498          
    499            /********打印出串口接收到的数据，用于提示*********/
    500          
    501            //for(i=1;i<=len;i++)
    502           //HalUARTWrite(0,str+i,1 ); 
    503           // HalUARTWrite(0,"\n",1 );//换行  
    504          
    505            /*******发送出去***参考网蜂 1小时无线数据传输教程*********/
    506          
    507            if ( AF_DataRequest( &SampleApp_Periodic_DstAddr, &SampleApp_epDesc,
    508          	                    SAMPLEAPP_COM_CLUSTERID,//自己定义一个
    509          	                    len+1,                  // 数据长度         
    510                                      str,                     //数据内容
    511          	                    &SampleApp_TransID, 
    512          	                    AF_DISCV_ROUTE,
    513          	                    AF_DEFAULT_RADIUS ) == afStatus_SUCCESS )
   \   000012                ; Setup parameters for call to function AF_DataRequest
   \   000012   75..1E       MOV     ?V0 + 2,#0x1e
   \   000015   78..         MOV     R0,#?V0 + 2
   \   000017   12....       LCALL   ?PUSH_XSTACK_I_ONE
   \   00001A   75....       MOV     ?V0 + 2,#SampleApp_TransID & 0xff
   \   00001D   75....       MOV     ?V0 + 3,#(SampleApp_TransID >> 8) & 0xff
   \   000020   78..         MOV     R0,#?V0 + 2
   \   000022   12....       LCALL   ?PUSH_XSTACK_I_TWO
   \   000025   78..         MOV     R0,#?V0 + 0
   \   000027   12....       LCALL   ?PUSH_XSTACK_I_TWO
   \   00002A   85..82       MOV     DPL,?V0 + 0
   \   00002D   85..83       MOV     DPH,?V0 + 1
   \   000030   E0           MOVX    A,@DPTR
   \   000031   2401         ADD     A,#0x1
   \   000033   F5..         MOV     ?V0 + 0,A
   \   000035   E4           CLR     A
   \   000036   3400         ADDC    A,#0x0
   \   000038   F5..         MOV     ?V0 + 1,A
   \   00003A   78..         MOV     R0,#?V0 + 0
   \   00003C   12....       LCALL   ?PUSH_XSTACK_I_TWO
   \   00003F   75..03       MOV     ?V0 + 0,#0x3
   \   000042   75..00       MOV     ?V0 + 1,#0x0
   \   000045   78..         MOV     R0,#?V0 + 0
   \   000047   12....       LCALL   ?PUSH_XSTACK_I_TWO
   \   00004A   7920         MOV     R1,#0x20
   \   00004C   7C..         MOV     R4,#SampleApp_epDesc & 0xff
   \   00004E   7D..         MOV     R5,#(SampleApp_epDesc >> 8) & 0xff
   \   000050   7A..         MOV     R2,#SampleApp_Periodic_DstAddr & 0xff
   \   000052   7B..         MOV     R3,#(SampleApp_Periodic_DstAddr >> 8) & 0xff
   \   000054   12....       LCALL   ??AF_DataRequest?relay
   \   000057   7409         MOV     A,#0x9
   \   000059   12....       LCALL   ?DEALLOC_XSTACK8
    514          	                     {
    515          	                     }
    516            else
    517            {
    518            // Error occurred in request to send.
    519            } 
    520          }
   \   00005C   02....       LJMP    ?Subroutine0 & 0xFFFF

   \                                 In  segment BANK_RELAYS, align 1
   \                     ??SampleApp_Init?relay:
   \   000000   12....       LCALL   ?BDISPATCH
   \   000003   ......       DC24    SampleApp_Init

   \                                 In  segment BANK_RELAYS, align 1
   \                     ??SampleApp_ProcessEvent?relay:
   \   000000   12....       LCALL   ?BDISPATCH
   \   000003   ......       DC24    SampleApp_ProcessEvent

   \                                 In  segment BANK_RELAYS, align 1
   \                     ??SampleApp_HandleKeys?relay:
   \   000000   12....       LCALL   ?BDISPATCH
   \   000003   ......       DC24    SampleApp_HandleKeys

   \                                 In  segment BANK_RELAYS, align 1
   \                     ??SampleApp_MessageMSGCB?relay:
   \   000000   12....       LCALL   ?BDISPATCH
   \   000003   ......       DC24    SampleApp_MessageMSGCB

   \                                 In  segment BANK_RELAYS, align 1
   \                     ??SampleApp_SendPeriodicMessage?relay:
   \   000000   12....       LCALL   ?BDISPATCH
   \   000003   ......       DC24    SampleApp_SendPeriodicMessage

   \                                 In  segment BANK_RELAYS, align 1
   \                     ??SampleApp_SendFlashMessage?relay:
   \   000000   12....       LCALL   ?BDISPATCH
   \   000003   ......       DC24    SampleApp_SendFlashMessage

   \                                 In  segment BANK_RELAYS, align 1
   \                     ??SampleApp_SerialCMD?relay:
   \   000000   12....       LCALL   ?BDISPATCH
   \   000003   ......       DC24    SampleApp_SerialCMD

   \                                 In  segment XDATA_ROM_C, align 1
   \                     `?<Constant "Group 1">`:
   \   000000   47726F75     DB "Group 1"
   \            70203100

   \                                 In  segment XDATA_ROM_C, align 1
   \                     `?<Constant "SampleApp">`:
   \   000000   53616D70     DB "SampleApp"
   \            6C654170
   \            7000    

   Maximum stack usage in bytes:

     Function                       ISTACK PSTACK XSTACK
     --------                       ------ ------ ------
     SampleApp_HandleKeys               0      0     22
       -> SampleApp_SendFlashMessage
                                        0      0     20
       -> aps_FindGroup                 0      0     20
       -> aps_RemoveGroup               0      0     20
       -> aps_AddGroup                  0      0     20
     SampleApp_Init                     0      0     14
       -> MT_UartInit                   0      0     22
       -> MT_UartRegisterTaskID         0      0     22
       -> readCoordinatorJumper         0      0     22
       -> ZDOInitDevice                 0      0     22
       -> afRegister                    0      0     22
       -> RegisterForKeys               0      0     22
       -> osal_memcpy                   0      0     28
       -> aps_AddGroup                  0      0     22
       -> HalLcdWriteString             0      0     22
     SampleApp_MessageMSGCB             1      0     25
       -> HalUARTWrite                  0      0     26
       -> HalUARTWrite                  0      0     26
     SampleApp_ProcessEvent             0      0     12
       -> osal_msg_receive              0      0     24
       -> osal_start_timerEx            0      0     24
       -> osal_msg_deallocate           0      0     24
       -> osal_msg_receive              0      0     24
       -> SampleApp_SerialCMD           0      0     24
       -> SampleApp_HandleKeys          0      0     24
       -> SampleApp_MessageMSGCB        0      0     24
       -> SampleApp_SendPeriodicMessage
                                        0      0     24
       -> osal_rand                     0      0     24
       -> osal_start_timerEx            0      0     24
     SampleApp_SendFlashMessage         1      0     32
       -> AF_DataRequest                0      0     44
     SampleApp_SendPeriodicMessage      0      0     31
       -> AF_DataRequest                0      0     38
     SampleApp_SerialCMD                0      0     33
       -> AF_DataRequest                0      0     42


   Segment part sizes:

     Function/Label                        Bytes
     --------------                        -----
     SampleApp_ClusterList                    6
     SampleApp_SimpleDesc                    12
     SampleApp_epDesc                         6
     SampleApp_TaskID                         1
     SampleApp_NwkState                       1
     SampleApp_TransID                        1
     SampleApp_Periodic_DstAddr              12
     SampleApp_Flash_DstAddr                 12
     SampleApp_Group                         18
     SampleAppPeriodicCounter                 1
     SampleAppFlashCounter                    1
     SampleApp_Init                         190
     SampleApp_ProcessEvent                 191
     ?Subroutine0                             5
     SampleApp_HandleKeys                    62
     ??Subroutine4_0                          5
     SampleApp_MessageMSGCB                 125
     ?Subroutine2                            12
     ?Subroutine1                             2
     ??Subroutine3_0                          3
     SampleApp_SendPeriodicMessage           68
     SampleApp_SendFlashMessage             115
     SampleApp_SerialCMD                     95
     ??SampleApp_Init?relay                   6
     ??SampleApp_ProcessEvent?relay           6
     ??SampleApp_HandleKeys?relay             6
     ??SampleApp_MessageMSGCB?relay           6
     ??SampleApp_SendPeriodicMessage?relay    6
     ??SampleApp_SendFlashMessage?relay       6
     ??SampleApp_SerialCMD?relay              6
     ?<Constant "Group 1">                    8
     ?<Constant "SampleApp">                 10

 
 873 bytes in segment BANKED_CODE
  42 bytes in segment BANK_RELAYS
  36 bytes in segment XDATA_ROM_C
  53 bytes in segment XDATA_Z
 
 915 bytes of CODE  memory
  36 bytes of CONST memory
  53 bytes of XDATA memory

Errors: none
Warnings: 2
